Build started 8/21/2017 11:45:01 AM.
     1>Project "C:\Users\Ioana Abacioaiei\Desktop\Desktop\Proiect_POO\Proiect_POO\Proiect_POO\Proiect_POO.vcxproj" on node 2 (Build target(s)).
     1>ClCompile:
         C:\Program Files (x86)\Microsoft Visual Studio 12.0\VC\bin\CL.exe /c /ZI /nologo /W3 /WX- /sdl /Od /Oy- /D WIN32 /D _DEBUG /D _CONSOLE /D _LIB /D _UNICODE /D UNICODE /Gm /EHsc /RTC1 /MDd /GS /fp:precise /Zc:wchar_t /Zc:forScope /Fo"Debug\\" /Fd"Debug\vc120.pdb" /Gd /TP /analyze- /errorReport:prompt Lista.cpp Persoana.cpp Data.cpp Incasari.cpp main.cpp Tratamente.cpp
         Tratamente.cpp
         main.cpp
     1>c:\users\ioana abacioaiei\desktop\desktop\proiect_poo\proiect_poo\proiect_poo\main.cpp(83): warning C4101: 'varsta' : unreferenced local variable
         Incasari.cpp
         Data.cpp
         Persoana.cpp
         Lista.cpp
         Generating Code...
       Link:
         C:\Program Files (x86)\Microsoft Visual Studio 12.0\VC\bin\link.exe /ERRORREPORT:PROMPT /OUT:"C:\Users\Ioana Abacioaiei\Desktop\Desktop\Proiect_POO\Proiect_POO\Debug\Proiect_POO.exe" /INCREMENTAL /NOLOGO kernel32.lib user32.lib gdi32.lib winspool.lib comdlg32.lib advapi32.lib shell32.lib ole32.lib oleaut32.lib uuid.lib odbc32.lib odbccp32.lib /MANIFEST /MANIFESTUAC:"level='asInvoker' uiAccess='false'" /manifest:embed /DEBUG /PDB:"C:\Users\Ioana Abacioaiei\Desktop\Desktop\Proiect_POO\Proiect_POO\Debug\Proiect_POO.pdb" /SUBSYSTEM:CONSOLE /TLBID:1 /DYNAMICBASE /NXCOMPAT /IMPLIB:"C:\Users\Ioana Abacioaiei\Desktop\Desktop\Proiect_POO\Proiect_POO\Debug\Proiect_POO.lib" /MACHINE:X86 Debug\Lista.obj
         Debug\Persoana.obj
         Debug\Data.obj
         Debug\Incasari.obj
         Debug\main.obj
         Debug\Tratamente.obj
         Proiect_POO.vcxproj -> C:\Users\Ioana Abacioaiei\Desktop\Desktop\Proiect_POO\Proiect_POO\Debug\Proiect_POO.exe
     1>Done Building Project "C:\Users\Ioana Abacioaiei\Desktop\Desktop\Proiect_POO\Proiect_POO\Proiect_POO\Proiect_POO.vcxproj" (Build target(s)).

Build succeeded.

Time Elapsed 00:00:03.59
